********************************************************************************
DUPLICATOR-LITE PACKAGE-LOG: September 7, 2019 6:02 pm
NOTICE: Do NOT post to public sites or forums 
********************************************************************************
VERSION:	1.3.20
WORDPRESS:	5.2.2
PHP INFO:	7.3.8 | SAPI: apache2handler
SERVER:		Apache/2.4.39 (Unix) PHP/7.3.8 
PHP TIME LIMIT: (0) no time limit imposed 
PHP MAX MEMORY: 4294967296 (128M default) 
MEMORY STACK: 18.5MB

********************************************************************************
DATABASE:
********************************************************************************
BUILD MODE:   MYSQLDUMP
MYSQLTIMEOUT: 5000
MYSQLDUMP:    Is Supported
SQL CREATED: 20190907_dorothyelizabethlove_12f738e9276e2b943247_20190907180127_database.sql
SQL FILE SIZE: 3.56MB (3732572)
SQL FILE TIME: 2019-09-07 18:02:47
SQL RUNTIME: 0.37 sec.

********************************************************************************
ARCHIVE (ZIP):
********************************************************************************
ARCHIVE DIR:  /srv/http/wp
ARCHIVE FILE: 20190907_dorothyelizabethlove_12f738e9276e2b943247_20190907180127_archive.zip
FILTERS: *ON*
DIRS:
	not set
FILES:
	/srv/http/wp/wp-content/themes/DorothyElizabethLove/resource/dorothyelizabethlove-index1.psd
EXTS:  not set
----------------------------------------
COMPRESSING
SIZE:	84.18MB
STATS:	Dirs 526 | Files 3,739
SQL ADDED: 20190907_dorothyelizabethlove_12f738e9276e2b943247_20190907180127_database.sql
ZipArchive Object
(
    [status] => 0
    [statusSys] => 0
    [numFiles] => 4265
    [filename] => /srv/http/wp/wp-snapshots/tmp/20190907_dorothyelizabethlove_12f738e9276e2b943247_20190907180127_archive.zip
    [comment] => 
)

FILE ADDED TO ZIP: 4264
COMPRESSION RESULT: '1'
COMPRESSED SIZE: 39.6MB
ARCHIVE RUNTIME: 10.40 sec.
MEMORY STACK: 20.5MB
building installer
add_extra_files1
add_extra_files2
add_extra_files3
add_extra_files4
Doing archive file check
add_extra_files5
add_extra_files6
add_extra_files8
Successfully opened zip /srv/http/wp/wp-snapshots/tmp/20190907_dorothyelizabethlove_12f738e9276e2b943247_20190907180127_archive.zip
Adding enhanced installer files to archive using ZipArchive
Installer files added to archive
Added to archive
After ziparchive close when adding installer

********************************************************************************
INTEGRITY CHECKS:
********************************************************************************
SQL FILE: 3.56MB
INSTALLER FILE: 60.41KB
ARCHIVE FILE: 40.92MB 
EXPECTED FILE/DIRECTORY COUNT: 4,265
ACTUAL FILE/DIRECTORY COUNT: 4,264
ARCHIVE CONSISTENCY TEST: Pass

********************************************************************************
RECORD ID:[1]
TOTAL PROCESS RUNTIME: 11.99 sec.
PEAK PHP MEMORY USED: 22.5MB
DONE PROCESSING => 20190907_dorothyelizabethlove September 7, 2019 6:02 pm

